# JRE version: OpenJDK Runtime Environment (8.0_242-b01) (build 1.8.0_242-release-1644-b01)
# Java VM: OpenJDK 64-Bit Server VM (25.242-b01 mixed mode windows-amd64 compressed oops)
Heap:
 PSYoungGen      total 1281024K, used 17696K [0x000000076ab00000, 0x00000007bfc80000, 0x00000007c0000000)
  eden space 1170432K, 1% used [0x000000076ab00000,0x000000076bc48260,0x00000007b2200000)
  from space 110592K, 0% used [0x00000007b2200000,0x00000007b2200000,0x00000007b8e00000)
  to   space 108544K, 0% used [0x00000007b9280000,0x00000007b9280000,0x00000007bfc80000)
 ParOldGen       total 460288K, used 214941K [0x00000006c0000000, 0x00000006dc180000, 0x000000076ab00000)
  object space 460288K, 46% used [0x00000006c0000000,0x00000006cd1e7750,0x00000006dc180000)
 Metaspace       used 130659K, capacity 140236K, committed 141056K, reserved 1171456K
  class space    used 16628K, capacity 18467K, committed 18688K, reserved 1048576K
GC Heap History (10 events):
Event: 966.152 GC heap before
{Heap before GC invocations=27 (full 5):
 PSYoungGen      total 1093120K, used 1011033K [0x000000076ab00000, 0x00000007bf680000, 0x00000007c0000000)
  eden space 967680K, 100% used [0x000000076ab00000,0x00000007a5c00000,0x00000007a5c00000)
  from space 125440K, 34% used [0x00000007a5c00000,0x00000007a8656440,0x00000007ad680000)
  to   space 118784K, 0% used [0x00000007b8280000,0x00000007b8280000,0x00000007bf680000)
 ParOldGen       total 326656K, used 169511K [0x00000006c0000000, 0x00000006d3f00000, 0x000000076ab00000)
  object space 326656K, 51% used [0x00000006c0000000,0x00000006ca589ff8,0x00000006d3f00000)
 Metaspace       used 118109K, capacity 126932K, committed 127104K, reserved 1159168K
  class space    used 15187K, capacity 16915K, committed 17024K, reserved 1048576K
Event: 966.216 GC heap after
Heap after GC invocations=27 (full 5):
 PSYoungGen      total 1266176K, used 55863K [0x000000076ab00000, 0x00000007bf080000, 0x00000007c0000000)
  eden space 1153536K, 0% used [0x000000076ab00000,0x000000076ab00000,0x00000007b1180000)
  from space 112640K, 49% used [0x00000007b8280000,0x00000007bb90dfd0,0x00000007bf080000)
  to   space 114176K, 0% used [0x00000007b1180000,0x00000007b1180000,0x00000007b8100000)
 ParOldGen       total 326656K, used 173075K [0x00000006c0000000, 0x00000006d3f00000, 0x000000076ab00000)
  object space 326656K, 52% used [0x00000006c0000000,0x00000006ca904f08,0x00000006d3f00000)
 Metaspace       used 118109K, capacity 126932K, committed 127104K, reserved 1159168K
  class space    used 15187K, capacity 16915K, committed 17024K, reserved 1048576K
}
Event: 971.838 GC heap before
{Heap before GC invocations=28 (full 5):
 PSYoungGen      total 1266176K, used 1209399K [0x000000076ab00000, 0x00000007bf080000, 0x00000007c0000000)
  eden space 1153536K, 100% used [0x000000076ab00000,0x00000007b1180000,0x00000007b1180000)
  from space 112640K, 49% used [0x00000007b8280000,0x00000007bb90dfd0,0x00000007bf080000)
  to   space 114176K, 0% used [0x00000007b1180000,0x00000007b1180000,0x00000007b8100000)
 ParOldGen       total 326656K, used 173075K [0x00000006c0000000, 0x00000006d3f00000, 0x000000076ab00000)
  object space 326656K, 52% used [0x00000006c0000000,0x00000006ca904f08,0x00000006d3f00000)
 Metaspace       used 129992K, capacity 140000K, committed 140288K, reserved 1171456K
  class space    used 16701K, capacity 18599K, committed 18688K, reserved 1048576K
Event: 972.189 GC heap after
Heap after GC invocations=28 (full 5):
 PSYoungGen      total 1267712K, used 54936K [0x000000076ab00000, 0x00000007bf980000, 0x00000007c0000000)
  eden space 1153536K, 0% used [0x000000076ab00000,0x000000076ab00000,0x00000007b1180000)
  from space 114176K, 48% used [0x00000007b1180000,0x00000007b47261f0,0x00000007b8100000)
  to   space 110080K, 0% used [0x00000007b8e00000,0x00000007b8e00000,0x00000007bf980000)
 ParOldGen       total 326656K, used 219886K [0x00000006c0000000, 0x00000006d3f00000, 0x000000076ab00000)
  object space 326656K, 67% used [0x00000006c0000000,0x00000006cd6bbba8,0x00000006d3f00000)
 Metaspace       used 129992K, capacity 140000K, committed 140288K, reserved 1171456K
  class space    used 16701K, capacity 18599K, committed 18688K, reserved 1048576K
}
Event: 975.914 GC heap before
{Heap before GC invocations=29 (full 5):
 PSYoungGen      total 1267712K, used 1208472K [0x000000076ab00000, 0x00000007bf980000, 0x00000007c0000000)
  eden space 1153536K, 100% used [0x000000076ab00000,0x00000007b1180000,0x00000007b1180000)
  from space 114176K, 48% used [0x00000007b1180000,0x00000007b47261f0,0x00000007b8100000)
  to   space 110080K, 0% used [0x00000007b8e00000,0x00000007b8e00000,0x00000007bf980000)
 ParOldGen       total 326656K, used 219886K [0x00000006c0000000, 0x00000006d3f00000, 0x000000076ab00000)
  object space 326656K, 67% used [0x00000006c0000000,0x00000006cd6bbba8,0x00000006d3f00000)
 Metaspace       used 130616K, capacity 140686K, committed 140800K, reserved 1171456K
  class space    used 16711K, capacity 18612K, committed 18688K, reserved 1048576K
Event: 976.013 GC heap after
Heap after GC invocations=29 (full 5):
 PSYoungGen      total 1280512K, used 10291K [0x000000076ab00000, 0x00000007bfd00000, 0x00000007c0000000)
  eden space 1170432K, 0% used [0x000000076ab00000,0x000000076ab00000,0x00000007b2200000)
  from space 110080K, 9% used [0x00000007b8e00000,0x00000007b980cd58,0x00000007bf980000)
  to   space 110592K, 0% used [0x00000007b2200000,0x00000007b2200000,0x00000007b8e00000)
 ParOldGen       total 326656K, used 257519K [0x00000006c0000000, 0x00000006d3f00000, 0x000000076ab00000)
  object space 326656K, 78% used [0x00000006c0000000,0x00000006cfb7bce0,0x00000006d3f00000)
 Metaspace       used 130616K, capacity 140686K, committed 140800K, reserved 1171456K
  class space    used 16711K, capacity 18612K, committed 18688K, reserved 1048576K
}
Event: 978.503 GC heap before
{Heap before GC invocations=30 (full 5):
 PSYoungGen      total 1280512K, used 1180723K [0x000000076ab00000, 0x00000007bfd00000, 0x00000007c0000000)
  eden space 1170432K, 100% used [0x000000076ab00000,0x00000007b2200000,0x00000007b2200000)
  from space 110080K, 9% used [0x00000007b8e00000,0x00000007b980cd58,0x00000007bf980000)
  to   space 110592K, 0% used [0x00000007b2200000,0x00000007b2200000,0x00000007b8e00000)
 ParOldGen       total 326656K, used 257519K [0x00000006c0000000, 0x00000006d3f00000, 0x000000076ab00000)
  object space 326656K, 78% used [0x00000006c0000000,0x00000006cfb7bce0,0x00000006d3f00000)
 Metaspace       used 130932K, capacity 140974K, committed 141056K, reserved 1171456K
  class space    used 16719K, capacity 18626K, committed 18688K, reserved 1048576K
Event: 978.532 GC heap after
Heap after GC invocations=30 (full 5):
 PSYoungGen      total 1281024K, used 21038K [0x000000076ab00000, 0x00000007bfc80000, 0x00000007c0000000)
  eden space 1170432K, 0% used [0x000000076ab00000,0x000000076ab00000,0x00000007b2200000)
  from space 110592K, 19% used [0x00000007b2200000,0x00000007b368b998,0x00000007b8e00000)
  to   space 108544K, 0% used [0x00000007b9280000,0x00000007b9280000,0x00000007bfc80000)
 ParOldGen       total 326656K, used 262795K [0x00000006c0000000, 0x00000006d3f00000, 0x000000076ab00000)
  object space 326656K, 80% used [0x00000006c0000000,0x00000006d00a2c90,0x00000006d3f00000)
 Metaspace       used 130932K, capacity 140974K, committed 141056K, reserved 1171456K
  class space    used 16719K, capacity 18626K, committed 18688K, reserved 1048576K
}
Event: 978.532 GC heap before
{Heap before GC invocations=31 (full 6):
 PSYoungGen      total 1281024K, used 21038K [0x000000076ab00000, 0x00000007bfc80000, 0x00000007c0000000)
  eden space 1170432K, 0% used [0x000000076ab00000,0x000000076ab00000,0x00000007b2200000)
  from space 110592K, 19% used [0x00000007b2200000,0x00000007b368b998,0x00000007b8e00000)
  to   space 108544K, 0% used [0x00000007b9280000,0x00000007b9280000,0x00000007bfc80000)
 ParOldGen       total 326656K, used 262795K [0x00000006c0000000, 0x00000006d3f00000, 0x000000076ab00000)
  object space 326656K, 80% used [0x00000006c0000000,0x00000006d00a2c90,0x00000006d3f00000)
 Metaspace       used 130932K, capacity 140974K, committed 141056K, reserved 1171456K
  class space    used 16719K, capacity 18626K, committed 18688K, reserved 1048576K
Event: 981.594 GC heap after
Heap after GC invocations=31 (full 6):
 PSYoungGen      total 1281024K, used 0K [0x000000076ab00000, 0x00000007bfc80000, 0x00000007c0000000)
  eden space 1170432K, 0% used [0x000000076ab00000,0x000000076ab00000,0x00000007b2200000)
  from space 110592K, 0% used [0x00000007b2200000,0x00000007b2200000,0x00000007b8e00000)
  to   space 108544K, 0% used [0x00000007b9280000,0x00000007b9280000,0x00000007bfc80000)
 ParOldGen       total 460288K, used 214941K [0x00000006c0000000, 0x00000006dc180000, 0x000000076ab00000)
  object space 460288K, 46% used [0x00000006c0000000,0x00000006cd1e7750,0x00000006dc180000)
 Metaspace       used 130659K, capacity 140236K, committed 141056K, reserved 1171456K
  class space    used 16628K, capacity 18467K, committed 18688K, reserved 1048576K
}

