# JRE version: OpenJDK Runtime Environment (8.0_242-b01) (build 1.8.0_242-release-1644-b01)
# Java VM: OpenJDK 64-Bit Server VM (25.242-b01 mixed mode windows-amd64 compressed oops)
Heap:
 PSYoungGen      total 93696K, used 63315K [0x00000000d8580000, 0x00000000e0780000, 0x0000000100000000)
  eden space 88576K, 71% used [0x00000000d8580000,0x00000000dc354f38,0x00000000ddc00000)
  from space 5120K, 0% used [0x00000000dfd80000,0x00000000dfd80000,0x00000000e0280000)
  to   space 5120K, 0% used [0x00000000e0280000,0x00000000e0280000,0x00000000e0780000)
 ParOldGen       total 64512K, used 19080K [0x0000000089000000, 0x000000008cf00000, 0x00000000d8580000)
  object space 64512K, 29% used [0x0000000089000000,0x000000008a2a2018,0x000000008cf00000)
 Metaspace       used 39676K, capacity 40294K, committed 40496K, reserved 1085440K
  class space    used 5004K, capacity 5164K, committed 5168K, reserved 1048576K
GC Heap History (10 events):
Event: 1.477 GC heap before
{Heap before GC invocations=3 (full 0):
 PSYoungGen      total 66560K, used 28928K [0x00000000d8580000, 0x00000000dcb80000, 0x0000000100000000)
  eden space 61440K, 38% used [0x00000000d8580000,0x00000000d9cc41a8,0x00000000dc180000)
  from space 5120K, 99% used [0x00000000dc680000,0x00000000dcb7c040,0x00000000dcb80000)
  to   space 5120K, 0% used [0x00000000dc180000,0x00000000dc180000,0x00000000dc680000)
 ParOldGen       total 81920K, used 6697K [0x0000000089000000, 0x000000008e000000, 0x00000000d8580000)
  object space 81920K, 8% used [0x0000000089000000,0x000000008968a578,0x000000008e000000)
 Metaspace       used 20872K, capacity 21250K, committed 21296K, reserved 1069056K
  class space    used 2468K, capacity 2594K, committed 2608K, reserved 1048576K
Event: 1.486 GC heap after
Heap after GC invocations=3 (full 0):
 PSYoungGen      total 66560K, used 5100K [0x00000000d8580000, 0x00000000e0780000, 0x0000000100000000)
  eden space 61440K, 0% used [0x00000000d8580000,0x00000000d8580000,0x00000000dc180000)
  from space 5120K, 99% used [0x00000000dc180000,0x00000000dc67b040,0x00000000dc680000)
  to   space 5120K, 0% used [0x00000000e0280000,0x00000000e0280000,0x00000000e0780000)
 ParOldGen       total 81920K, used 12002K [0x0000000089000000, 0x000000008e000000, 0x00000000d8580000)
  object space 81920K, 14% used [0x0000000089000000,0x0000000089bb8818,0x000000008e000000)
 Metaspace       used 20872K, capacity 21250K, committed 21296K, reserved 1069056K
  class space    used 2468K, capacity 2594K, committed 2608K, reserved 1048576K
}
Event: 1.486 GC heap before
{Heap before GC invocations=4 (full 1):
 PSYoungGen      total 66560K, used 5100K [0x00000000d8580000, 0x00000000e0780000, 0x0000000100000000)
  eden space 61440K, 0% used [0x00000000d8580000,0x00000000d8580000,0x00000000dc180000)
  from space 5120K, 99% used [0x00000000dc180000,0x00000000dc67b040,0x00000000dc680000)
  to   space 5120K, 0% used [0x00000000e0280000,0x00000000e0280000,0x00000000e0780000)
 ParOldGen       total 81920K, used 12002K [0x0000000089000000, 0x000000008e000000, 0x00000000d8580000)
  object space 81920K, 14% used [0x0000000089000000,0x0000000089bb8818,0x000000008e000000)
 Metaspace       used 20872K, capacity 21250K, committed 21296K, reserved 1069056K
  class space    used 2468K, capacity 2594K, committed 2608K, reserved 1048576K
Event: 1.518 GC heap after
Heap after GC invocations=4 (full 1):
 PSYoungGen      total 66560K, used 0K [0x00000000d8580000, 0x00000000e0780000, 0x0000000100000000)
  eden space 61440K, 0% used [0x00000000d8580000,0x00000000d8580000,0x00000000dc180000)
  from space 5120K, 0% used [0x00000000dc180000,0x00000000dc180000,0x00000000dc680000)
  to   space 5120K, 0% used [0x00000000e0280000,0x00000000e0280000,0x00000000e0780000)
 ParOldGen       total 64512K, used 10220K [0x0000000089000000, 0x000000008cf00000, 0x00000000d8580000)
  object space 64512K, 15% used [0x0000000089000000,0x00000000899fb1c0,0x000000008cf00000)
 Metaspace       used 20872K, capacity 21250K, committed 21296K, reserved 1069056K
  class space    used 2468K, capacity 2594K, committed 2608K, reserved 1048576K
}
Event: 2.376 GC heap before
{Heap before GC invocations=5 (full 1):
 PSYoungGen      total 66560K, used 61440K [0x00000000d8580000, 0x00000000e0780000, 0x0000000100000000)
  eden space 61440K, 100% used [0x00000000d8580000,0x00000000dc180000,0x00000000dc180000)
  from space 5120K, 0% used [0x00000000dc180000,0x00000000dc180000,0x00000000dc680000)
  to   space 5120K, 0% used [0x00000000e0280000,0x00000000e0280000,0x00000000e0780000)
 ParOldGen       total 64512K, used 10220K [0x0000000089000000, 0x000000008cf00000, 0x00000000d8580000)
  object space 64512K, 15% used [0x0000000089000000,0x00000000899fb1c0,0x000000008cf00000)
 Metaspace       used 29241K, capacity 29813K, committed 30128K, reserved 1075200K
  class space    used 3556K, capacity 3704K, committed 3760K, reserved 1048576K
Event: 2.388 GC heap after
Heap after GC invocations=5 (full 1):
 PSYoungGen      total 93696K, used 5107K [0x00000000d8580000, 0x00000000e0780000, 0x0000000100000000)
  eden space 88576K, 0% used [0x00000000d8580000,0x00000000d8580000,0x00000000ddc00000)
  from space 5120K, 99% used [0x00000000e0280000,0x00000000e077cfc0,0x00000000e0780000)
  to   space 5120K, 0% used [0x00000000dfd80000,0x00000000dfd80000,0x00000000e0280000)
 ParOldGen       total 64512K, used 19941K [0x0000000089000000, 0x000000008cf00000, 0x00000000d8580000)
  object space 64512K, 30% used [0x0000000089000000,0x000000008a3795a8,0x000000008cf00000)
 Metaspace       used 29241K, capacity 29813K, committed 30128K, reserved 1075200K
  class space    used 3556K, capacity 3704K, committed 3760K, reserved 1048576K
}
Event: 2.923 GC heap before
{Heap before GC invocations=6 (full 1):
 PSYoungGen      total 93696K, used 33757K [0x00000000d8580000, 0x00000000e0780000, 0x0000000100000000)
  eden space 88576K, 32% used [0x00000000d8580000,0x00000000da17a6a8,0x00000000ddc00000)
  from space 5120K, 99% used [0x00000000e0280000,0x00000000e077cfc0,0x00000000e0780000)
  to   space 5120K, 0% used [0x00000000dfd80000,0x00000000dfd80000,0x00000000e0280000)
 ParOldGen       total 64512K, used 19941K [0x0000000089000000, 0x000000008cf00000, 0x00000000d8580000)
  object space 64512K, 30% used [0x0000000089000000,0x000000008a3795a8,0x000000008cf00000)
 Metaspace       used 34675K, capacity 35194K, committed 35496K, reserved 1081344K
  class space    used 4415K, capacity 4550K, committed 4656K, reserved 1048576K
Event: 2.931 GC heap after
Heap after GC invocations=6 (full 1):
 PSYoungGen      total 93696K, used 5099K [0x00000000d8580000, 0x00000000e0780000, 0x0000000100000000)
  eden space 88576K, 0% used [0x00000000d8580000,0x00000000d8580000,0x00000000ddc00000)
  from space 5120K, 99% used [0x00000000dfd80000,0x00000000e027add8,0x00000000e0280000)
  to   space 5120K, 0% used [0x00000000e0280000,0x00000000e0280000,0x00000000e0780000)
 ParOldGen       total 64512K, used 26796K [0x0000000089000000, 0x000000008cf00000, 0x00000000d8580000)
  object space 64512K, 41% used [0x0000000089000000,0x000000008aa2b298,0x000000008cf00000)
 Metaspace       used 34675K, capacity 35194K, committed 35496K, reserved 1081344K
  class space    used 4415K, capacity 4550K, committed 4656K, reserved 1048576K
}
Event: 2.931 GC heap before
{Heap before GC invocations=7 (full 2):
 PSYoungGen      total 93696K, used 5099K [0x00000000d8580000, 0x00000000e0780000, 0x0000000100000000)
  eden space 88576K, 0% used [0x00000000d8580000,0x00000000d8580000,0x00000000ddc00000)
  from space 5120K, 99% used [0x00000000dfd80000,0x00000000e027add8,0x00000000e0280000)
  to   space 5120K, 0% used [0x00000000e0280000,0x00000000e0280000,0x00000000e0780000)
 ParOldGen       total 64512K, used 26796K [0x0000000089000000, 0x000000008cf00000, 0x00000000d8580000)
  object space 64512K, 41% used [0x0000000089000000,0x000000008aa2b298,0x000000008cf00000)
 Metaspace       used 34675K, capacity 35194K, committed 35496K, reserved 1081344K
  class space    used 4415K, capacity 4550K, committed 4656K, reserved 1048576K
Event: 2.993 GC heap after
Heap after GC invocations=7 (full 2):
 PSYoungGen      total 93696K, used 0K [0x00000000d8580000, 0x00000000e0780000, 0x0000000100000000)
  eden space 88576K, 0% used [0x00000000d8580000,0x00000000d8580000,0x00000000ddc00000)
  from space 5120K, 0% used [0x00000000dfd80000,0x00000000dfd80000,0x00000000e0280000)
  to   space 5120K, 0% used [0x00000000e0280000,0x00000000e0280000,0x00000000e0780000)
 ParOldGen       total 64512K, used 19080K [0x0000000089000000, 0x000000008cf00000, 0x00000000d8580000)
  object space 64512K, 29% used [0x0000000089000000,0x000000008a2a2018,0x000000008cf00000)
 Metaspace       used 34675K, capacity 35194K, committed 35496K, reserved 1081344K
  class space    used 4415K, capacity 4550K, committed 4656K, reserved 1048576K
}

